# JRE version: OpenJDK Runtime Environment Temurin-21.0.8+9 (21.0.8+9) (build 21.0.8+9-LTS)
# Java VM: OpenJDK 64-Bit Server VM Temurin-21.0.8+9 (21.0.8+9-LTS, mixed mode, sharing, tiered, compressed oops, compressed class ptrs, parallel gc, windows-amd64)
GC Precious Log:
 CardTable entry size: 512
 CPUs: 12 total, 12 available
 Memory: 15712M
 Large Page Support: Disabled
 NUMA Support: Disabled
 Compressed Oops: Enabled (32-bit)
 Alignments: Space 512K, Generation 512K, Heap 2M
 Heap Min Capacity: 100M
 Heap Initial Capacity: 100M
 Heap Max Capacity: 2G
 Pre-touch: Disabled
 Parallel Workers: 10
Heap:
 PSYoungGen      total 5120K, used 4587K [0x00000000d5580000, 0x00000000d5c00000, 0x0000000100000000)
  eden space 3584K, 100% used [0x00000000d5580000,0x00000000d5900000,0x00000000d5900000)
  from space 1536K, 65% used [0x00000000d5900000,0x00000000d59faf78,0x00000000d5a80000)
  to   space 1536K, 67% used [0x00000000d5a80000,0x00000000d5b81558,0x00000000d5c00000)
 ParOldGen       total 154112K, used 153669K [0x0000000080000000, 0x0000000089680000, 0x00000000d5580000)
  object space 154112K, 99% used [0x0000000080000000,0x00000000896117f0,0x0000000089680000)
 Metaspace       used 57042K, committed 58240K, reserved 1114112K
  class space    used 6354K, committed 6848K, reserved 1048576K
GC Heap History (20 events):
Event: 28.643 GC heap before
{Heap before GC invocations=82 (full 2):
 PSYoungGen      total 5120K, used 4567K [0x00000000d5580000, 0x00000000d5c00000, 0x0000000100000000)
  eden space 3584K, 100% used [0x00000000d5580000,0x00000000d5900000,0x00000000d5900000)
  from space 1536K, 64% used [0x00000000d5900000,0x00000000d59f5e28,0x00000000d5a80000)
  to   space 1536K, 0% used [0x00000000d5a80000,0x00000000d5a80000,0x00000000d5c00000)
 ParOldGen       total 144384K, used 144140K [0x0000000080000000, 0x0000000088d00000, 0x00000000d5580000)
  object space 144384K, 99% used [0x0000000080000000,0x0000000088cc32c0,0x0000000088d00000)
 Metaspace       used 57042K, committed 58240K, reserved 1114112K
  class space    used 6354K, committed 6848K, reserved 1048576K
}
Event: 28.644 GC heap after
{Heap after GC invocations=82 (full 2):
 PSYoungGen      total 5120K, used 1059K [0x00000000d5580000, 0x00000000d5c00000, 0x0000000100000000)
  eden space 3584K, 0% used [0x00000000d5580000,0x00000000d5580000,0x00000000d5900000)
  from space 1536K, 68% used [0x00000000d5a80000,0x00000000d5b88e70,0x00000000d5c00000)
  to   space 1536K, 0% used [0x00000000d5900000,0x00000000d5900000,0x00000000d5a80000)
 ParOldGen       total 145408K, used 145002K [0x0000000080000000, 0x0000000088e00000, 0x00000000d5580000)
  object space 145408K, 99% used [0x0000000080000000,0x0000000088d9a8d8,0x0000000088e00000)
 Metaspace       used 57042K, committed 58240K, reserved 1114112K
  class space    used 6354K, committed 6848K, reserved 1048576K
}
Event: 28.663 GC heap before
{Heap before GC invocations=83 (full 2):
 PSYoungGen      total 5120K, used 4643K [0x00000000d5580000, 0x00000000d5c00000, 0x0000000100000000)
  eden space 3584K, 100% used [0x00000000d5580000,0x00000000d5900000,0x00000000d5900000)
  from space 1536K, 68% used [0x00000000d5a80000,0x00000000d5b88e70,0x00000000d5c00000)
  to   space 1536K, 0% used [0x00000000d5900000,0x00000000d5900000,0x00000000d5a80000)
 ParOldGen       total 145408K, used 145002K [0x0000000080000000, 0x0000000088e00000, 0x00000000d5580000)
  object space 145408K, 99% used [0x0000000080000000,0x0000000088d9a8d8,0x0000000088e00000)
 Metaspace       used 57042K, committed 58240K, reserved 1114112K
  class space    used 6354K, committed 6848K, reserved 1048576K
}
Event: 28.671 GC heap after
{Heap after GC invocations=83 (full 2):
 PSYoungGen      total 5120K, used 1014K [0x00000000d5580000, 0x00000000d5c00000, 0x0000000100000000)
  eden space 3584K, 0% used [0x00000000d5580000,0x00000000d5580000,0x00000000d5900000)
  from space 1536K, 66% used [0x00000000d5900000,0x00000000d59fd810,0x00000000d5a80000)
  to   space 1536K, 0% used [0x00000000d5a80000,0x00000000d5a80000,0x00000000d5c00000)
 ParOldGen       total 145920K, used 145868K [0x0000000080000000, 0x0000000088e80000, 0x00000000d5580000)
  object space 145920K, 99% used [0x0000000080000000,0x0000000088e73070,0x0000000088e80000)
 Metaspace       used 57042K, committed 58240K, reserved 1114112K
  class space    used 6354K, committed 6848K, reserved 1048576K
}
Event: 28.686 GC heap before
{Heap before GC invocations=84 (full 2):
 PSYoungGen      total 5120K, used 4598K [0x00000000d5580000, 0x00000000d5c00000, 0x0000000100000000)
  eden space 3584K, 100% used [0x00000000d5580000,0x00000000d5900000,0x00000000d5900000)
  from space 1536K, 66% used [0x00000000d5900000,0x00000000d59fd810,0x00000000d5a80000)
  to   space 1536K, 0% used [0x00000000d5a80000,0x00000000d5a80000,0x00000000d5c00000)
 ParOldGen       total 145920K, used 145868K [0x0000000080000000, 0x0000000088e80000, 0x00000000d5580000)
  object space 145920K, 99% used [0x0000000080000000,0x0000000088e73070,0x0000000088e80000)
 Metaspace       used 57042K, committed 58240K, reserved 1114112K
  class space    used 6354K, committed 6848K, reserved 1048576K
}
Event: 28.731 GC heap after
{Heap after GC invocations=84 (full 2):
 PSYoungGen      total 5120K, used 1059K [0x00000000d5580000, 0x00000000d5d00000, 0x0000000100000000)
  eden space 3584K, 0% used [0x00000000d5580000,0x00000000d5580000,0x00000000d5900000)
  from space 1536K, 68% used [0x00000000d5a80000,0x00000000d5b88d60,0x00000000d5c00000)
  to   space 1536K, 0% used [0x00000000d5900000,0x00000000d5900000,0x00000000d5a80000)
 ParOldGen       total 146944K, used 146756K [0x0000000080000000, 0x0000000088f80000, 0x00000000d5580000)
  object space 146944K, 99% used [0x0000000080000000,0x0000000088f51398,0x0000000088f80000)
 Metaspace       used 57042K, committed 58240K, reserved 1114112K
  class space    used 6354K, committed 6848K, reserved 1048576K
}
Event: 28.746 GC heap before
{Heap before GC invocations=85 (full 2):
 PSYoungGen      total 5120K, used 4643K [0x00000000d5580000, 0x00000000d5d00000, 0x0000000100000000)
  eden space 3584K, 100% used [0x00000000d5580000,0x00000000d5900000,0x00000000d5900000)
  from space 1536K, 68% used [0x00000000d5a80000,0x00000000d5b88d60,0x00000000d5c00000)
  to   space 1536K, 0% used [0x00000000d5900000,0x00000000d5900000,0x00000000d5a80000)
 ParOldGen       total 146944K, used 146756K [0x0000000080000000, 0x0000000088f80000, 0x00000000d5580000)
  object space 146944K, 99% used [0x0000000080000000,0x0000000088f51398,0x0000000088f80000)
 Metaspace       used 57042K, committed 58240K, reserved 1114112K
  class space    used 6354K, committed 6848K, reserved 1048576K
}
Event: 28.750 GC heap after
{Heap after GC invocations=85 (full 2):
 PSYoungGen      total 5120K, used 1008K [0x00000000d5580000, 0x00000000d5d00000, 0x0000000100000000)
  eden space 3584K, 0% used [0x00000000d5580000,0x00000000d5580000,0x00000000d5900000)
  from space 1536K, 65% used [0x00000000d5900000,0x00000000d59fc290,0x00000000d5a80000)
  to   space 1536K, 0% used [0x00000000d5b80000,0x00000000d5b80000,0x00000000d5d00000)
 ParOldGen       total 147968K, used 147623K [0x0000000080000000, 0x0000000089080000, 0x00000000d5580000)
  object space 147968K, 99% used [0x0000000080000000,0x0000000089029e00,0x0000000089080000)
 Metaspace       used 57042K, committed 58240K, reserved 1114112K
  class space    used 6354K, committed 6848K, reserved 1048576K
}
Event: 28.783 GC heap before
{Heap before GC invocations=86 (full 2):
 PSYoungGen      total 5120K, used 4592K [0x00000000d5580000, 0x00000000d5d00000, 0x0000000100000000)
  eden space 3584K, 100% used [0x00000000d5580000,0x00000000d5900000,0x00000000d5900000)
  from space 1536K, 65% used [0x00000000d5900000,0x00000000d59fc290,0x00000000d5a80000)
  to   space 1536K, 0% used [0x00000000d5b80000,0x00000000d5b80000,0x00000000d5d00000)
 ParOldGen       total 147968K, used 147623K [0x0000000080000000, 0x0000000089080000, 0x00000000d5580000)
  object space 147968K, 99% used [0x0000000080000000,0x0000000089029e00,0x0000000089080000)
 Metaspace       used 57042K, committed 58240K, reserved 1114112K
  class space    used 6354K, committed 6848K, reserved 1048576K
}
Event: 28.784 GC heap after
{Heap after GC invocations=86 (full 2):
 PSYoungGen      total 4608K, used 982K [0x00000000d5580000, 0x00000000d5c80000, 0x0000000100000000)
  eden space 3584K, 0% used [0x00000000d5580000,0x00000000d5580000,0x00000000d5900000)
  from space 1024K, 95% used [0x00000000d5b80000,0x00000000d5c75840,0x00000000d5c80000)
  to   space 1024K, 0% used [0x00000000d5a80000,0x00000000d5a80000,0x00000000d5b80000)
 ParOldGen       total 148480K, used 148470K [0x0000000080000000, 0x0000000089100000, 0x00000000d5580000)
  object space 148480K, 99% used [0x0000000080000000,0x00000000890fdac0,0x0000000089100000)
 Metaspace       used 57042K, committed 58240K, reserved 1114112K
  class space    used 6354K, committed 6848K, reserved 1048576K
}
Event: 28.803 GC heap before
{Heap before GC invocations=87 (full 2):
 PSYoungGen      total 4608K, used 4566K [0x00000000d5580000, 0x00000000d5c80000, 0x0000000100000000)
  eden space 3584K, 100% used [0x00000000d5580000,0x00000000d5900000,0x00000000d5900000)
  from space 1024K, 95% used [0x00000000d5b80000,0x00000000d5c75840,0x00000000d5c80000)
  to   space 1024K, 0% used [0x00000000d5a80000,0x00000000d5a80000,0x00000000d5b80000)
 ParOldGen       total 148480K, used 148470K [0x0000000080000000, 0x0000000089100000, 0x00000000d5580000)
  object space 148480K, 99% used [0x0000000080000000,0x00000000890fdac0,0x0000000089100000)
 Metaspace       used 57042K, committed 58240K, reserved 1114112K
  class space    used 6354K, committed 6848K, reserved 1048576K
}
Event: 28.804 GC heap after
{Heap after GC invocations=87 (full 2):
 PSYoungGen      total 4608K, used 925K [0x00000000d5580000, 0x00000000d5c00000, 0x0000000100000000)
  eden space 3584K, 0% used [0x00000000d5580000,0x00000000d5580000,0x00000000d5900000)
  from space 1024K, 90% used [0x00000000d5a80000,0x00000000d5b67680,0x00000000d5b80000)
  to   space 512K, 0% used [0x00000000d5b80000,0x00000000d5b80000,0x00000000d5c00000)
 ParOldGen       total 149504K, used 149331K [0x0000000080000000, 0x0000000089200000, 0x00000000d5580000)
  object space 149504K, 99% used [0x0000000080000000,0x00000000891d4d30,0x0000000089200000)
 Metaspace       used 57042K, committed 58240K, reserved 1114112K
  class space    used 6354K, committed 6848K, reserved 1048576K
}
Event: 28.826 GC heap before
{Heap before GC invocations=88 (full 2):
 PSYoungGen      total 4608K, used 4509K [0x00000000d5580000, 0x00000000d5c00000, 0x0000000100000000)
  eden space 3584K, 100% used [0x00000000d5580000,0x00000000d5900000,0x00000000d5900000)
  from space 1024K, 90% used [0x00000000d5a80000,0x00000000d5b67680,0x00000000d5b80000)
  to   space 512K, 0% used [0x00000000d5b80000,0x00000000d5b80000,0x00000000d5c00000)
 ParOldGen       total 149504K, used 149331K [0x0000000080000000, 0x0000000089200000, 0x00000000d5580000)
  object space 149504K, 99% used [0x0000000080000000,0x00000000891d4d30,0x0000000089200000)
 Metaspace       used 57042K, committed 58240K, reserved 1114112K
  class space    used 6354K, committed 6848K, reserved 1048576K
}
Event: 28.839 GC heap after
{Heap after GC invocations=88 (full 2):
 PSYoungGen      total 4096K, used 512K [0x00000000d5580000, 0x00000000d5d00000, 0x0000000100000000)
  eden space 3584K, 0% used [0x00000000d5580000,0x00000000d5580000,0x00000000d5900000)
  from space 512K, 100% used [0x00000000d5b80000,0x00000000d5c00000,0x00000000d5c00000)
  to   space 2048K, 0% used [0x00000000d5900000,0x00000000d5900000,0x00000000d5b00000)
 ParOldGen       total 150528K, used 150483K [0x0000000080000000, 0x0000000089300000, 0x00000000d5580000)
  object space 150528K, 99% used [0x0000000080000000,0x00000000892f4fe8,0x0000000089300000)
 Metaspace       used 57042K, committed 58240K, reserved 1114112K
  class space    used 6354K, committed 6848K, reserved 1048576K
}
Event: 28.857 GC heap before
{Heap before GC invocations=89 (full 2):
 PSYoungGen      total 4096K, used 4096K [0x00000000d5580000, 0x00000000d5d00000, 0x0000000100000000)
  eden space 3584K, 100% used [0x00000000d5580000,0x00000000d5900000,0x00000000d5900000)
  from space 512K, 100% used [0x00000000d5b80000,0x00000000d5c00000,0x00000000d5c00000)
  to   space 2048K, 0% used [0x00000000d5900000,0x00000000d5900000,0x00000000d5b00000)
 ParOldGen       total 150528K, used 150483K [0x0000000080000000, 0x0000000089300000, 0x00000000d5580000)
  object space 150528K, 99% used [0x0000000080000000,0x00000000892f4fe8,0x0000000089300000)
 Metaspace       used 57042K, committed 58240K, reserved 1114112K
  class space    used 6354K, committed 6848K, reserved 1048576K
}
Event: 28.859 GC heap after
{Heap after GC invocations=89 (full 2):
 PSYoungGen      total 5120K, used 1077K [0x00000000d5580000, 0x00000000d5c00000, 0x0000000100000000)
  eden space 3584K, 0% used [0x00000000d5580000,0x00000000d5580000,0x00000000d5900000)
  from space 1536K, 70% used [0x00000000d5900000,0x00000000d5a0d450,0x00000000d5a80000)
  to   space 1536K, 0% used [0x00000000d5a80000,0x00000000d5a80000,0x00000000d5c00000)
 ParOldGen       total 151040K, used 151018K [0x0000000080000000, 0x0000000089380000, 0x00000000d5580000)
  object space 151040K, 99% used [0x0000000080000000,0x000000008937aac8,0x0000000089380000)
 Metaspace       used 57042K, committed 58240K, reserved 1114112K
  class space    used 6354K, committed 6848K, reserved 1048576K
}
Event: 28.886 GC heap before
{Heap before GC invocations=90 (full 2):
 PSYoungGen      total 5120K, used 4661K [0x00000000d5580000, 0x00000000d5c00000, 0x0000000100000000)
  eden space 3584K, 100% used [0x00000000d5580000,0x00000000d5900000,0x00000000d5900000)
  from space 1536K, 70% used [0x00000000d5900000,0x00000000d5a0d450,0x00000000d5a80000)
  to   space 1536K, 0% used [0x00000000d5a80000,0x00000000d5a80000,0x00000000d5c00000)
 ParOldGen       total 151040K, used 151018K [0x0000000080000000, 0x0000000089380000, 0x00000000d5580000)
  object space 151040K, 99% used [0x0000000080000000,0x000000008937aac8,0x0000000089380000)
 Metaspace       used 57042K, committed 58240K, reserved 1114112K
  class space    used 6354K, committed 6848K, reserved 1048576K
}
Event: 28.889 GC heap after
{Heap after GC invocations=90 (full 2):
 PSYoungGen      total 5120K, used 1056K [0x00000000d5580000, 0x00000000d5c00000, 0x0000000100000000)
  eden space 3584K, 0% used [0x00000000d5580000,0x00000000d5580000,0x00000000d5900000)
  from space 1536K, 68% used [0x00000000d5a80000,0x00000000d5b882b0,0x00000000d5c00000)
  to   space 1536K, 0% used [0x00000000d5900000,0x00000000d5900000,0x00000000d5a80000)
 ParOldGen       total 152064K, used 151897K [0x0000000080000000, 0x0000000089480000, 0x00000000d5580000)
  object space 152064K, 99% used [0x0000000080000000,0x00000000894566e0,0x0000000089480000)
 Metaspace       used 57042K, committed 58240K, reserved 1114112K
  class space    used 6354K, committed 6848K, reserved 1048576K
}
Event: 28.938 GC heap before
{Heap before GC invocations=91 (full 2):
 PSYoungGen      total 5120K, used 4640K [0x00000000d5580000, 0x00000000d5c00000, 0x0000000100000000)
  eden space 3584K, 99% used [0x00000000d5580000,0x00000000d58fffd0,0x00000000d5900000)
  from space 1536K, 68% used [0x00000000d5a80000,0x00000000d5b882b0,0x00000000d5c00000)
  to   space 1536K, 0% used [0x00000000d5900000,0x00000000d5900000,0x00000000d5a80000)
 ParOldGen       total 152064K, used 151897K [0x0000000080000000, 0x0000000089480000, 0x00000000d5580000)
  object space 152064K, 99% used [0x0000000080000000,0x00000000894566e0,0x0000000089480000)
 Metaspace       used 57042K, committed 58240K, reserved 1114112K
  class space    used 6354K, committed 6848K, reserved 1048576K
}
Event: 28.950 GC heap after
{Heap after GC invocations=91 (full 2):
 PSYoungGen      total 5120K, used 1003K [0x00000000d5580000, 0x00000000d5c00000, 0x0000000100000000)
  eden space 3584K, 0% used [0x00000000d5580000,0x00000000d5580000,0x00000000d5900000)
  from space 1536K, 65% used [0x00000000d5900000,0x00000000d59faf78,0x00000000d5a80000)
  to   space 1536K, 0% used [0x00000000d5a80000,0x00000000d5a80000,0x00000000d5c00000)
 ParOldGen       total 153088K, used 152821K [0x0000000080000000, 0x0000000089580000, 0x00000000d5580000)
  object space 153088K, 99% used [0x0000000080000000,0x000000008953d470,0x0000000089580000)
 Metaspace       used 57042K, committed 58240K, reserved 1114112K
  class space    used 6354K, committed 6848K, reserved 1048576K
}

